12:16:09 | INFO     | =======================================================
12:16:09 | INFO     | Bhagavad Gita As It Is  (657 records)
12:16:09 | INFO     | =======================================================
12:16:09 | INFO     |   Long purport: BG 7.15 (2436 est. tokens) — splitting...
12:16:09 | INFO     |     → 2 chunks produced
12:16:09 | INFO     |   Long purport: BG 9.2 (2705 est. tokens) — splitting...
12:16:09 | INFO     |     → 2 chunks produced
12:16:09 | INFO     |   Long purport: BG 9.11 (1888 est. tokens) — splitting...
12:16:09 | INFO     |     → 2 chunks produced
12:16:09 | INFO     |   Long purport: BG 10.4-5 (2142 est. tokens) — splitting...
12:16:09 | INFO     |     → 2 chunks produced
12:16:09 | INFO     |   Long purport: BG 11.54 (1851 est. tokens) — splitting...
12:16:09 | INFO     |     → 2 chunks produced
12:16:09 | INFO     |   Long purport: BG 11.55 (1933 est. tokens) — splitting...
12:16:09 | INFO     |     → 2 chunks produced
12:16:09 | INFO     |   Long purport: BG 13.8-12 (3162 est. tokens) — splitting...
12:16:09 | INFO     |     → 3 chunks produced
12:16:09 | INFO     |   Long purport: BG 16.1-3 (3502 est. tokens) — splitting...
12:16:09 | INFO     |     → 3 chunks produced
12:16:09 | INFO     |   Records processed : 657
12:16:09 | INFO     |   Chunks produced   : 667
12:16:09 | INFO     |   Records split     : 8
12:16:09 | INFO     | 
12:16:09 | INFO     | =======================================================
12:16:09 | INFO     | Sri Isopanishad  (19 records)
12:16:09 | INFO     | =======================================================
12:16:09 | INFO     |   Long purport: ISO 1 (1892 est. tokens) — splitting...
12:16:09 | INFO     |     → 2 chunks produced
12:16:09 | INFO     |   Long purport: ISO 5 (1745 est. tokens) — splitting...
12:16:09 | INFO     |     → 2 chunks produced
12:16:09 | INFO     |   Long purport: ISO 8 (1947 est. tokens) — splitting...
12:16:09 | INFO     |     → 2 chunks produced
12:16:09 | INFO     |   Long purport: ISO 9 (1531 est. tokens) — splitting...
12:16:09 | INFO     |     → 1 chunks produced
12:16:09 | INFO     |   Long purport: ISO 10 (1801 est. tokens) — splitting...
12:16:09 | INFO     |     → 2 chunks produced
12:16:09 | INFO     |   Long purport: ISO 11 (2329 est. tokens) — splitting...
12:16:09 | INFO     |     → 2 chunks produced
12:16:09 | INFO     |   Long purport: ISO 12 (2109 est. tokens) — splitting...
12:16:09 | INFO     |     → 2 chunks produced
12:16:09 | INFO     |   Long purport: ISO 13 (3062 est. tokens) — splitting...
12:16:09 | INFO     |     → 3 chunks produced
12:16:09 | INFO     |   Long purport: ISO 14 (2055 est. tokens) — splitting...
12:16:09 | INFO     |     → 2 chunks produced
12:16:09 | INFO     |   Long purport: ISO 15 (2029 est. tokens) — splitting...
12:16:09 | INFO     |     → 2 chunks produced
12:16:09 | INFO     |   Long purport: ISO 16 (1524 est. tokens) — splitting...
12:16:09 | INFO     |     → 1 chunks produced
12:16:09 | INFO     |   Long purport: ISO 17 (3049 est. tokens) — splitting...
12:16:09 | INFO     |     → 3 chunks produced
12:16:09 | INFO     |   Long purport: ISO 18 (1658 est. tokens) — splitting...
12:16:09 | INFO     |     → 2 chunks produced
12:16:09 | INFO     |   Records processed : 19
12:16:09 | INFO     |   Chunks produced   : 32
12:16:09 | INFO     |   Records split     : 11
12:16:09 | INFO     | 
12:16:09 | INFO     | =======================================================
12:16:09 | INFO     | Nectar of Instruction  (11 records)
12:16:09 | INFO     | =======================================================
12:16:09 | INFO     |   Long purport: NOI 1 (4130 est. tokens) — splitting...
12:16:09 | INFO     |     → 3 chunks produced
12:16:09 | INFO     |   Long purport: NOI 2 (3857 est. tokens) — splitting...
12:16:09 | INFO     |     → 3 chunks produced
12:16:09 | INFO     |   Long purport: NOI 3 (3273 est. tokens) — splitting...
12:16:09 | INFO     |     → 3 chunks produced
12:16:09 | INFO     |   Long purport: NOI 4 (2659 est. tokens) — splitting...
12:16:09 | INFO     |     → 2 chunks produced
12:16:09 | INFO     |   Long purport: NOI 5 (3334 est. tokens) — splitting...
12:16:09 | INFO     |     → 3 chunks produced
12:16:09 | INFO     |   Long purport: NOI 6 (2005 est. tokens) — splitting...
12:16:09 | INFO     |     → 2 chunks produced
12:16:09 | INFO     |   Long purport: NOI 7 (1907 est. tokens) — splitting...
12:16:09 | INFO     |     → 2 chunks produced
12:16:09 | INFO     |   Long purport: NOI 10 (2278 est. tokens) — splitting...
12:16:09 | INFO     |     → 2 chunks produced
12:16:09 | INFO     |   Records processed : 11
12:16:09 | INFO     |   Chunks produced   : 23
12:16:09 | INFO     |   Records split     : 8
12:16:09 | INFO     | 
12:16:09 | INFO     | =======================================================
12:16:09 | INFO     | Brahma Samhita  (62 records)
12:16:09 | INFO     | =======================================================
12:16:09 | INFO     |   Long purport: BS 5.5 (1966 est. tokens) — splitting...
12:16:09 | INFO     |     → 2 chunks produced
12:16:09 | INFO     |   Long purport: BS 5.37 (5012 est. tokens) — splitting...
12:16:09 | INFO     |     → 4 chunks produced
12:16:09 | INFO     |   Records processed : 62
12:16:09 | INFO     |   Chunks produced   : 66
12:16:09 | INFO     |   Records split     : 2
12:16:09 | INFO     | 
12:16:09 | INFO     | Saved 788 total chunks → data/chunks\all_chunks.json
12:16:09 | INFO     | =======================================================
12:16:09 | INFO     | CHUNKING COMPLETE
12:16:09 | INFO     |   Total chunks : 788
12:16:09 | INFO     |   Output       : data/chunks\all_chunks.json
12:16:09 | INFO     | =======================================================
