12:15:27 | INFO     | =======================================================
12:15:27 | INFO     | Bhagavad Gita As It Is  (657 raw records)
12:15:27 | INFO     | =======================================================
12:15:27 | WARNING  |   [BG 1.5] Missing required field: 'purport'
12:15:27 | WARNING  |   [BG 1.6] Missing required field: 'purport'
12:15:27 | WARNING  |   [BG 1.7] Missing required field: 'purport'
12:15:27 | WARNING  |   [BG 1.13] Missing required field: 'purport'
12:15:27 | WARNING  |   [BG 1.27] Missing required field: 'purport'
12:15:27 | WARNING  |   [BG 2.65] Missing required field: 'purport'
12:15:27 | WARNING  |   [BG 6.9] Missing required field: 'purport'
12:15:27 | WARNING  |   [BG 8.18] Missing required field: 'purport'
12:15:27 | WARNING  |   [BG 11.9] Missing required field: 'purport'
12:15:27 | WARNING  |   [BG 11.17] Missing required field: 'purport'
12:15:27 | WARNING  |   [BG 11.18] Missing required field: 'purport'
12:15:27 | WARNING  |   [BG 11.22] Missing required field: 'purport'
12:15:27 | WARNING  |   [BG 11.23] Missing required field: 'purport'
12:15:27 | WARNING  |   [BG 11.24] Missing required field: 'purport'
12:15:27 | WARNING  |   [BG 11.25] Missing required field: 'purport'
12:15:27 | WARNING  |   [BG 11.28] Missing required field: 'purport'
12:15:27 | WARNING  |   [BG 11.29] Missing required field: 'purport'
12:15:27 | WARNING  |   [BG 11.30] Missing required field: 'purport'
12:15:27 | WARNING  |   [BG 11.31] Missing required field: 'purport'
12:15:27 | WARNING  |   [BG 16.13-15] Missing required field: 'purport'
12:15:27 | WARNING  |   [BG 17.8] Missing required field: 'purport'
12:15:27 | WARNING  |   [BG 17.9] Missing required field: 'purport'
12:15:27 | WARNING  |   [BG 17.17] Missing required field: 'purport'
12:15:27 | WARNING  |   [BG 18.24] Missing required field: 'purport'
12:15:27 | WARNING  |   [BG 18.31] Missing required field: 'purport'
12:15:27 | WARNING  |   [BG 18.41] Missing required field: 'purport'
12:15:27 | WARNING  |   [BG 18.42] Missing required field: 'purport'
12:15:27 | WARNING  |   [BG 18.43] Missing required field: 'purport'
12:15:27 | WARNING  |   [BG 18.44] Missing required field: 'purport'
12:15:27 | WARNING  |   [BG 18.45] Missing required field: 'purport'
12:15:27 | WARNING  |   [BG 18.69] Missing required field: 'purport'
12:15:27 | WARNING  |   [BG 18.70] Missing required field: 'purport'
12:15:27 | INFO     |   Total records   : 657
12:15:27 | INFO     |   Invalid records : 32  (kept with warnings)
12:15:27 | INFO     |   Output          : data/cleaned\bg_clean.json
12:15:27 | INFO     | 
12:15:27 | INFO     | =======================================================
12:15:27 | INFO     | Sri Isopanishad  (19 raw records)
12:15:27 | INFO     | =======================================================
12:15:27 | INFO     |   Total records   : 19
12:15:27 | INFO     |   Invalid records : 0  (kept with warnings)
12:15:27 | INFO     |   Output          : data/cleaned\iso_clean.json
12:15:27 | INFO     | 
12:15:27 | INFO     | =======================================================
12:15:27 | INFO     | Nectar of Instruction  (11 raw records)
12:15:27 | INFO     | =======================================================
12:15:27 | INFO     |   Total records   : 11
12:15:27 | INFO     |   Invalid records : 0  (kept with warnings)
12:15:27 | INFO     |   Output          : data/cleaned\noi_clean.json
12:15:27 | INFO     | 
12:15:27 | INFO     | =======================================================
12:15:27 | INFO     | Brahma Samhita  (62 raw records)
12:15:27 | INFO     | =======================================================
12:15:27 | INFO     |   Total records   : 62
12:15:27 | INFO     |   Invalid records : 0  (kept with warnings)
12:15:27 | INFO     |   Output          : data/cleaned\bs_clean.json
12:15:27 | INFO     | 
12:15:27 | INFO     | =======================================================
12:15:27 | INFO     | CLEANING COMPLETE
12:15:27 | INFO     |   Bhagavad Gita As It Is              657 records
12:15:27 | INFO     |   Sri Isopanishad                     19 records
12:15:27 | INFO     |   Nectar of Instruction               11 records
12:15:27 | INFO     |   Brahma Samhita                      62 records
12:15:27 | INFO     | =======================================================
