12:21:43 | INFO     | =======================================================
12:21:43 | INFO     | Provider   : BAAI  (BAAI/bge-large-en-v1.5)
12:21:43 | INFO     | Dimensions : 1024
12:21:43 | INFO     | =======================================================
12:21:43 | INFO     | Loaded 788 chunks
12:21:45 | INFO     | Existing vectors in DB: 0
12:21:45 | INFO     | Chunks to embed: 788  (skipping 0 cached)
12:21:45 | INFO     | 
12:21:45 | INFO     | Batch 1/8: 100 chunks...
12:29:35 | INFO     | =======================================================
12:29:35 | INFO     | Provider   : BAAI  (BAAI/bge-large-en-v1.5)
12:29:35 | INFO     | Dimensions : 1024
12:29:35 | INFO     | =======================================================
12:29:35 | INFO     | Loaded 788 chunks
12:29:37 | INFO     | Existing vectors in DB: 0
12:29:37 | INFO     | Chunks to embed: 788  (skipping 0 cached)
12:29:37 | INFO     | 
12:29:37 | INFO     | Batch 1/8: 100 chunks...
12:30:04 | INFO     | Use pytorch device_name: cpu
12:30:04 | INFO     | Load pretrained SentenceTransformer: BAAI/bge-large-en-v1.5
12:30:04 | INFO     | HTTP Request: HEAD https://huggingface.co/BAAI/bge-large-en-v1.5/resolve/main/modules.json "HTTP/1.1 307 Temporary Redirect"
12:30:04 | INFO     | HTTP Request: HEAD https://huggingface.co/api/resolve-cache/models/BAAI/bge-large-en-v1.5/d4aa6901d3a41ba39fb536a557fa166f842b0e09/modules.json "HTTP/1.1 200 OK"
12:30:04 | INFO     | HTTP Request: GET https://huggingface.co/api/resolve-cache/models/BAAI/bge-large-en-v1.5/d4aa6901d3a41ba39fb536a557fa166f842b0e09/modules.json "HTTP/1.1 200 OK"
12:30:05 | INFO     | HTTP Request: HEAD https://huggingface.co/BAAI/bge-large-en-v1.5/resolve/main/config_sentence_transformers.json "HTTP/1.1 307 Temporary Redirect"
12:30:05 | INFO     | HTTP Request: HEAD https://huggingface.co/api/resolve-cache/models/BAAI/bge-large-en-v1.5/d4aa6901d3a41ba39fb536a557fa166f842b0e09/config_sentence_transformers.json "HTTP/1.1 200 OK"
12:30:05 | INFO     | HTTP Request: GET https://huggingface.co/api/resolve-cache/models/BAAI/bge-large-en-v1.5/d4aa6901d3a41ba39fb536a557fa166f842b0e09/config_sentence_transformers.json "HTTP/1.1 200 OK"
12:30:05 | INFO     | HTTP Request: HEAD https://huggingface.co/BAAI/bge-large-en-v1.5/resolve/main/config_sentence_transformers.json "HTTP/1.1 307 Temporary Redirect"
12:30:05 | INFO     | HTTP Request: HEAD https://huggingface.co/api/resolve-cache/models/BAAI/bge-large-en-v1.5/d4aa6901d3a41ba39fb536a557fa166f842b0e09/config_sentence_transformers.json "HTTP/1.1 200 OK"
12:30:05 | INFO     | HTTP Request: HEAD https://huggingface.co/BAAI/bge-large-en-v1.5/resolve/main/README.md "HTTP/1.1 307 Temporary Redirect"
12:30:05 | WARNING  | Warning: You are sending unauthenticated requests to the HF Hub. Please set a HF_TOKEN to enable higher rate limits and faster downloads.
12:30:05 | INFO     | HTTP Request: HEAD https://huggingface.co/api/resolve-cache/models/BAAI/bge-large-en-v1.5/d4aa6901d3a41ba39fb536a557fa166f842b0e09/README.md "HTTP/1.1 200 OK"
12:30:05 | INFO     | HTTP Request: GET https://huggingface.co/api/resolve-cache/models/BAAI/bge-large-en-v1.5/d4aa6901d3a41ba39fb536a557fa166f842b0e09/README.md "HTTP/1.1 200 OK"
12:30:05 | INFO     | HTTP Request: HEAD https://huggingface.co/BAAI/bge-large-en-v1.5/resolve/main/modules.json "HTTP/1.1 307 Temporary Redirect"
12:30:05 | INFO     | HTTP Request: HEAD https://huggingface.co/api/resolve-cache/models/BAAI/bge-large-en-v1.5/d4aa6901d3a41ba39fb536a557fa166f842b0e09/modules.json "HTTP/1.1 200 OK"
12:30:06 | INFO     | HTTP Request: HEAD https://huggingface.co/BAAI/bge-large-en-v1.5/resolve/main/sentence_bert_config.json "HTTP/1.1 307 Temporary Redirect"
12:30:06 | INFO     | HTTP Request: HEAD https://huggingface.co/api/resolve-cache/models/BAAI/bge-large-en-v1.5/d4aa6901d3a41ba39fb536a557fa166f842b0e09/sentence_bert_config.json "HTTP/1.1 200 OK"
12:30:06 | INFO     | HTTP Request: GET https://huggingface.co/api/resolve-cache/models/BAAI/bge-large-en-v1.5/d4aa6901d3a41ba39fb536a557fa166f842b0e09/sentence_bert_config.json "HTTP/1.1 200 OK"
12:30:06 | INFO     | HTTP Request: HEAD https://huggingface.co/BAAI/bge-large-en-v1.5/resolve/main/adapter_config.json "HTTP/1.1 404 Not Found"
12:30:06 | INFO     | HTTP Request: HEAD https://huggingface.co/BAAI/bge-large-en-v1.5/resolve/main/config.json "HTTP/1.1 307 Temporary Redirect"
12:30:06 | INFO     | HTTP Request: HEAD https://huggingface.co/api/resolve-cache/models/BAAI/bge-large-en-v1.5/d4aa6901d3a41ba39fb536a557fa166f842b0e09/config.json "HTTP/1.1 200 OK"
12:30:06 | INFO     | HTTP Request: GET https://huggingface.co/api/resolve-cache/models/BAAI/bge-large-en-v1.5/d4aa6901d3a41ba39fb536a557fa166f842b0e09/config.json "HTTP/1.1 200 OK"
12:30:07 | INFO     | HTTP Request: HEAD https://huggingface.co/BAAI/bge-large-en-v1.5/resolve/main/model.safetensors "HTTP/1.1 302 Found"
12:30:07 | INFO     | HTTP Request: GET https://huggingface.co/api/models/BAAI/bge-large-en-v1.5/xet-read-token/d4aa6901d3a41ba39fb536a557fa166f842b0e09 "HTTP/1.1 200 OK"
12:33:19 | INFO     | HTTP Request: HEAD https://huggingface.co/BAAI/bge-large-en-v1.5/resolve/main/config.json "HTTP/1.1 307 Temporary Redirect"
12:33:19 | INFO     | HTTP Request: HEAD https://huggingface.co/api/resolve-cache/models/BAAI/bge-large-en-v1.5/d4aa6901d3a41ba39fb536a557fa166f842b0e09/config.json "HTTP/1.1 200 OK"
12:33:20 | INFO     | HTTP Request: HEAD https://huggingface.co/BAAI/bge-large-en-v1.5/resolve/main/tokenizer_config.json "HTTP/1.1 307 Temporary Redirect"
12:33:20 | INFO     | HTTP Request: HEAD https://huggingface.co/api/resolve-cache/models/BAAI/bge-large-en-v1.5/d4aa6901d3a41ba39fb536a557fa166f842b0e09/tokenizer_config.json "HTTP/1.1 200 OK"
12:33:20 | INFO     | HTTP Request: GET https://huggingface.co/api/resolve-cache/models/BAAI/bge-large-en-v1.5/d4aa6901d3a41ba39fb536a557fa166f842b0e09/tokenizer_config.json "HTTP/1.1 200 OK"
12:33:20 | INFO     | HTTP Request: GET https://huggingface.co/api/models/BAAI/bge-large-en-v1.5/tree/main/additional_chat_templates?recursive=false&expand=false "HTTP/1.1 404 Not Found"
12:33:20 | INFO     | HTTP Request: GET https://huggingface.co/api/models/BAAI/bge-large-en-v1.5/tree/main?recursive=true&expand=false "HTTP/1.1 200 OK"
12:33:20 | INFO     | HTTP Request: HEAD https://huggingface.co/BAAI/bge-large-en-v1.5/resolve/main/vocab.txt "HTTP/1.1 307 Temporary Redirect"
12:33:20 | INFO     | HTTP Request: HEAD https://huggingface.co/api/resolve-cache/models/BAAI/bge-large-en-v1.5/d4aa6901d3a41ba39fb536a557fa166f842b0e09/vocab.txt "HTTP/1.1 200 OK"
12:33:20 | INFO     | HTTP Request: GET https://huggingface.co/api/resolve-cache/models/BAAI/bge-large-en-v1.5/d4aa6901d3a41ba39fb536a557fa166f842b0e09/vocab.txt "HTTP/1.1 200 OK"
12:33:21 | INFO     | HTTP Request: HEAD https://huggingface.co/BAAI/bge-large-en-v1.5/resolve/main/tokenizer.json "HTTP/1.1 307 Temporary Redirect"
12:33:21 | INFO     | HTTP Request: HEAD https://huggingface.co/api/resolve-cache/models/BAAI/bge-large-en-v1.5/d4aa6901d3a41ba39fb536a557fa166f842b0e09/tokenizer.json "HTTP/1.1 200 OK"
12:33:21 | INFO     | HTTP Request: GET https://huggingface.co/api/resolve-cache/models/BAAI/bge-large-en-v1.5/d4aa6901d3a41ba39fb536a557fa166f842b0e09/tokenizer.json "HTTP/1.1 200 OK"
12:33:21 | INFO     | HTTP Request: HEAD https://huggingface.co/BAAI/bge-large-en-v1.5/resolve/main/added_tokens.json "HTTP/1.1 404 Not Found"
12:33:21 | INFO     | HTTP Request: HEAD https://huggingface.co/BAAI/bge-large-en-v1.5/resolve/main/special_tokens_map.json "HTTP/1.1 307 Temporary Redirect"
12:33:21 | INFO     | HTTP Request: HEAD https://huggingface.co/api/resolve-cache/models/BAAI/bge-large-en-v1.5/d4aa6901d3a41ba39fb536a557fa166f842b0e09/special_tokens_map.json "HTTP/1.1 200 OK"
12:33:21 | INFO     | HTTP Request: GET https://huggingface.co/api/resolve-cache/models/BAAI/bge-large-en-v1.5/d4aa6901d3a41ba39fb536a557fa166f842b0e09/special_tokens_map.json "HTTP/1.1 200 OK"
12:33:22 | INFO     | HTTP Request: HEAD https://huggingface.co/BAAI/bge-large-en-v1.5/resolve/main/chat_template.jinja "HTTP/1.1 404 Not Found"
12:33:22 | INFO     | HTTP Request: HEAD https://huggingface.co/BAAI/bge-large-en-v1.5/resolve/main/1_Pooling/config.json "HTTP/1.1 307 Temporary Redirect"
12:33:22 | INFO     | HTTP Request: HEAD https://huggingface.co/api/resolve-cache/models/BAAI/bge-large-en-v1.5/d4aa6901d3a41ba39fb536a557fa166f842b0e09/1_Pooling%2Fconfig.json "HTTP/1.1 200 OK"
12:33:22 | INFO     | HTTP Request: GET https://huggingface.co/api/resolve-cache/models/BAAI/bge-large-en-v1.5/d4aa6901d3a41ba39fb536a557fa166f842b0e09/1_Pooling%2Fconfig.json "HTTP/1.1 200 OK"
12:33:22 | INFO     | HTTP Request: GET https://huggingface.co/api/models/BAAI/bge-large-en-v1.5 "HTTP/1.1 200 OK"
12:35:40 | INFO     |   ✓ 100/788 stored
12:35:40 | INFO     | Batch 2/8: 100 chunks...
12:35:40 | INFO     | Use pytorch device_name: cpu
12:35:40 | INFO     | Load pretrained SentenceTransformer: BAAI/bge-large-en-v1.5
12:35:40 | INFO     | HTTP Request: HEAD https://huggingface.co/BAAI/bge-large-en-v1.5/resolve/main/modules.json "HTTP/1.1 307 Temporary Redirect"
12:35:40 | INFO     | HTTP Request: HEAD https://huggingface.co/api/resolve-cache/models/BAAI/bge-large-en-v1.5/d4aa6901d3a41ba39fb536a557fa166f842b0e09/modules.json "HTTP/1.1 200 OK"
12:35:40 | INFO     | HTTP Request: HEAD https://huggingface.co/BAAI/bge-large-en-v1.5/resolve/main/config_sentence_transformers.json "HTTP/1.1 307 Temporary Redirect"
12:35:40 | INFO     | HTTP Request: HEAD https://huggingface.co/api/resolve-cache/models/BAAI/bge-large-en-v1.5/d4aa6901d3a41ba39fb536a557fa166f842b0e09/config_sentence_transformers.json "HTTP/1.1 200 OK"
12:35:40 | INFO     | HTTP Request: HEAD https://huggingface.co/BAAI/bge-large-en-v1.5/resolve/main/config_sentence_transformers.json "HTTP/1.1 307 Temporary Redirect"
12:35:41 | INFO     | HTTP Request: HEAD https://huggingface.co/api/resolve-cache/models/BAAI/bge-large-en-v1.5/d4aa6901d3a41ba39fb536a557fa166f842b0e09/config_sentence_transformers.json "HTTP/1.1 200 OK"
12:35:41 | INFO     | HTTP Request: HEAD https://huggingface.co/BAAI/bge-large-en-v1.5/resolve/main/README.md "HTTP/1.1 307 Temporary Redirect"
12:35:41 | INFO     | HTTP Request: HEAD https://huggingface.co/api/resolve-cache/models/BAAI/bge-large-en-v1.5/d4aa6901d3a41ba39fb536a557fa166f842b0e09/README.md "HTTP/1.1 200 OK"
12:35:41 | INFO     | HTTP Request: HEAD https://huggingface.co/BAAI/bge-large-en-v1.5/resolve/main/modules.json "HTTP/1.1 307 Temporary Redirect"
12:35:41 | INFO     | HTTP Request: HEAD https://huggingface.co/api/resolve-cache/models/BAAI/bge-large-en-v1.5/d4aa6901d3a41ba39fb536a557fa166f842b0e09/modules.json "HTTP/1.1 200 OK"
12:35:41 | INFO     | HTTP Request: HEAD https://huggingface.co/BAAI/bge-large-en-v1.5/resolve/main/sentence_bert_config.json "HTTP/1.1 307 Temporary Redirect"
12:35:41 | INFO     | HTTP Request: HEAD https://huggingface.co/api/resolve-cache/models/BAAI/bge-large-en-v1.5/d4aa6901d3a41ba39fb536a557fa166f842b0e09/sentence_bert_config.json "HTTP/1.1 200 OK"
12:35:42 | INFO     | HTTP Request: HEAD https://huggingface.co/BAAI/bge-large-en-v1.5/resolve/main/adapter_config.json "HTTP/1.1 404 Not Found"
12:35:42 | INFO     | HTTP Request: HEAD https://huggingface.co/BAAI/bge-large-en-v1.5/resolve/main/config.json "HTTP/1.1 307 Temporary Redirect"
12:35:42 | INFO     | HTTP Request: HEAD https://huggingface.co/api/resolve-cache/models/BAAI/bge-large-en-v1.5/d4aa6901d3a41ba39fb536a557fa166f842b0e09/config.json "HTTP/1.1 200 OK"
12:35:44 | INFO     | HTTP Request: HEAD https://huggingface.co/BAAI/bge-large-en-v1.5/resolve/main/config.json "HTTP/1.1 307 Temporary Redirect"
12:35:44 | INFO     | HTTP Request: HEAD https://huggingface.co/api/resolve-cache/models/BAAI/bge-large-en-v1.5/d4aa6901d3a41ba39fb536a557fa166f842b0e09/config.json "HTTP/1.1 200 OK"
12:35:44 | INFO     | HTTP Request: HEAD https://huggingface.co/BAAI/bge-large-en-v1.5/resolve/main/tokenizer_config.json "HTTP/1.1 307 Temporary Redirect"
12:35:44 | INFO     | HTTP Request: HEAD https://huggingface.co/api/resolve-cache/models/BAAI/bge-large-en-v1.5/d4aa6901d3a41ba39fb536a557fa166f842b0e09/tokenizer_config.json "HTTP/1.1 200 OK"
12:35:44 | INFO     | HTTP Request: GET https://huggingface.co/api/models/BAAI/bge-large-en-v1.5/tree/main/additional_chat_templates?recursive=false&expand=false "HTTP/1.1 404 Not Found"
12:35:44 | INFO     | HTTP Request: GET https://huggingface.co/api/models/BAAI/bge-large-en-v1.5/tree/main?recursive=true&expand=false "HTTP/1.1 200 OK"
12:35:45 | INFO     | HTTP Request: HEAD https://huggingface.co/BAAI/bge-large-en-v1.5/resolve/main/1_Pooling/config.json "HTTP/1.1 307 Temporary Redirect"
12:35:45 | INFO     | HTTP Request: HEAD https://huggingface.co/api/resolve-cache/models/BAAI/bge-large-en-v1.5/d4aa6901d3a41ba39fb536a557fa166f842b0e09/1_Pooling%2Fconfig.json "HTTP/1.1 200 OK"
12:35:45 | INFO     | HTTP Request: GET https://huggingface.co/api/models/BAAI/bge-large-en-v1.5 "HTTP/1.1 200 OK"
12:40:19 | INFO     |   ✓ 200/788 stored
12:40:19 | INFO     | Batch 3/8: 100 chunks...
12:40:19 | INFO     | Use pytorch device_name: cpu
12:40:19 | INFO     | Load pretrained SentenceTransformer: BAAI/bge-large-en-v1.5
12:40:19 | INFO     | HTTP Request: HEAD https://huggingface.co/BAAI/bge-large-en-v1.5/resolve/main/modules.json "HTTP/1.1 307 Temporary Redirect"
12:40:19 | INFO     | HTTP Request: HEAD https://huggingface.co/api/resolve-cache/models/BAAI/bge-large-en-v1.5/d4aa6901d3a41ba39fb536a557fa166f842b0e09/modules.json "HTTP/1.1 200 OK"
12:40:20 | INFO     | HTTP Request: HEAD https://huggingface.co/BAAI/bge-large-en-v1.5/resolve/main/config_sentence_transformers.json "HTTP/1.1 307 Temporary Redirect"
12:40:20 | INFO     | HTTP Request: HEAD https://huggingface.co/api/resolve-cache/models/BAAI/bge-large-en-v1.5/d4aa6901d3a41ba39fb536a557fa166f842b0e09/config_sentence_transformers.json "HTTP/1.1 200 OK"
12:40:20 | INFO     | HTTP Request: HEAD https://huggingface.co/BAAI/bge-large-en-v1.5/resolve/main/config_sentence_transformers.json "HTTP/1.1 307 Temporary Redirect"
12:40:20 | INFO     | HTTP Request: HEAD https://huggingface.co/api/resolve-cache/models/BAAI/bge-large-en-v1.5/d4aa6901d3a41ba39fb536a557fa166f842b0e09/config_sentence_transformers.json "HTTP/1.1 200 OK"
12:40:20 | INFO     | HTTP Request: HEAD https://huggingface.co/BAAI/bge-large-en-v1.5/resolve/main/README.md "HTTP/1.1 307 Temporary Redirect"
12:40:20 | INFO     | HTTP Request: HEAD https://huggingface.co/api/resolve-cache/models/BAAI/bge-large-en-v1.5/d4aa6901d3a41ba39fb536a557fa166f842b0e09/README.md "HTTP/1.1 200 OK"
12:40:20 | INFO     | HTTP Request: HEAD https://huggingface.co/BAAI/bge-large-en-v1.5/resolve/main/modules.json "HTTP/1.1 307 Temporary Redirect"
12:40:20 | INFO     | HTTP Request: HEAD https://huggingface.co/api/resolve-cache/models/BAAI/bge-large-en-v1.5/d4aa6901d3a41ba39fb536a557fa166f842b0e09/modules.json "HTTP/1.1 200 OK"
12:40:21 | INFO     | HTTP Request: HEAD https://huggingface.co/BAAI/bge-large-en-v1.5/resolve/main/sentence_bert_config.json "HTTP/1.1 307 Temporary Redirect"
12:40:21 | INFO     | HTTP Request: HEAD https://huggingface.co/api/resolve-cache/models/BAAI/bge-large-en-v1.5/d4aa6901d3a41ba39fb536a557fa166f842b0e09/sentence_bert_config.json "HTTP/1.1 200 OK"
12:40:21 | INFO     | HTTP Request: HEAD https://huggingface.co/BAAI/bge-large-en-v1.5/resolve/main/adapter_config.json "HTTP/1.1 404 Not Found"
12:40:21 | INFO     | HTTP Request: HEAD https://huggingface.co/BAAI/bge-large-en-v1.5/resolve/main/config.json "HTTP/1.1 307 Temporary Redirect"
12:40:21 | INFO     | HTTP Request: HEAD https://huggingface.co/api/resolve-cache/models/BAAI/bge-large-en-v1.5/d4aa6901d3a41ba39fb536a557fa166f842b0e09/config.json "HTTP/1.1 200 OK"
12:40:22 | INFO     | HTTP Request: HEAD https://huggingface.co/BAAI/bge-large-en-v1.5/resolve/main/config.json "HTTP/1.1 307 Temporary Redirect"
12:40:22 | INFO     | HTTP Request: HEAD https://huggingface.co/api/resolve-cache/models/BAAI/bge-large-en-v1.5/d4aa6901d3a41ba39fb536a557fa166f842b0e09/config.json "HTTP/1.1 200 OK"
12:40:22 | INFO     | HTTP Request: HEAD https://huggingface.co/BAAI/bge-large-en-v1.5/resolve/main/tokenizer_config.json "HTTP/1.1 307 Temporary Redirect"
12:40:22 | INFO     | HTTP Request: HEAD https://huggingface.co/api/resolve-cache/models/BAAI/bge-large-en-v1.5/d4aa6901d3a41ba39fb536a557fa166f842b0e09/tokenizer_config.json "HTTP/1.1 200 OK"
12:40:22 | INFO     | HTTP Request: GET https://huggingface.co/api/models/BAAI/bge-large-en-v1.5/tree/main/additional_chat_templates?recursive=false&expand=false "HTTP/1.1 404 Not Found"
12:40:22 | INFO     | HTTP Request: GET https://huggingface.co/api/models/BAAI/bge-large-en-v1.5/tree/main?recursive=true&expand=false "HTTP/1.1 200 OK"
12:40:23 | INFO     | HTTP Request: HEAD https://huggingface.co/BAAI/bge-large-en-v1.5/resolve/main/1_Pooling/config.json "HTTP/1.1 307 Temporary Redirect"
12:40:23 | INFO     | HTTP Request: HEAD https://huggingface.co/api/resolve-cache/models/BAAI/bge-large-en-v1.5/d4aa6901d3a41ba39fb536a557fa166f842b0e09/1_Pooling%2Fconfig.json "HTTP/1.1 200 OK"
12:40:23 | INFO     | HTTP Request: GET https://huggingface.co/api/models/BAAI/bge-large-en-v1.5 "HTTP/1.1 200 OK"
12:42:12 | INFO     |   ✓ 300/788 stored
12:42:12 | INFO     | Batch 4/8: 100 chunks...
12:42:12 | INFO     | Use pytorch device_name: cpu
12:42:12 | INFO     | Load pretrained SentenceTransformer: BAAI/bge-large-en-v1.5
12:42:12 | INFO     | HTTP Request: HEAD https://huggingface.co/BAAI/bge-large-en-v1.5/resolve/main/modules.json "HTTP/1.1 307 Temporary Redirect"
12:42:12 | INFO     | HTTP Request: HEAD https://huggingface.co/api/resolve-cache/models/BAAI/bge-large-en-v1.5/d4aa6901d3a41ba39fb536a557fa166f842b0e09/modules.json "HTTP/1.1 200 OK"
12:42:13 | INFO     | HTTP Request: HEAD https://huggingface.co/BAAI/bge-large-en-v1.5/resolve/main/config_sentence_transformers.json "HTTP/1.1 307 Temporary Redirect"
12:42:13 | INFO     | HTTP Request: HEAD https://huggingface.co/api/resolve-cache/models/BAAI/bge-large-en-v1.5/d4aa6901d3a41ba39fb536a557fa166f842b0e09/config_sentence_transformers.json "HTTP/1.1 200 OK"
12:42:13 | INFO     | HTTP Request: HEAD https://huggingface.co/BAAI/bge-large-en-v1.5/resolve/main/config_sentence_transformers.json "HTTP/1.1 307 Temporary Redirect"
12:42:13 | INFO     | HTTP Request: HEAD https://huggingface.co/api/resolve-cache/models/BAAI/bge-large-en-v1.5/d4aa6901d3a41ba39fb536a557fa166f842b0e09/config_sentence_transformers.json "HTTP/1.1 200 OK"
12:42:13 | INFO     | HTTP Request: HEAD https://huggingface.co/BAAI/bge-large-en-v1.5/resolve/main/README.md "HTTP/1.1 307 Temporary Redirect"
12:42:13 | INFO     | HTTP Request: HEAD https://huggingface.co/api/resolve-cache/models/BAAI/bge-large-en-v1.5/d4aa6901d3a41ba39fb536a557fa166f842b0e09/README.md "HTTP/1.1 200 OK"
12:42:14 | INFO     | HTTP Request: HEAD https://huggingface.co/BAAI/bge-large-en-v1.5/resolve/main/modules.json "HTTP/1.1 307 Temporary Redirect"
12:42:14 | INFO     | HTTP Request: HEAD https://huggingface.co/api/resolve-cache/models/BAAI/bge-large-en-v1.5/d4aa6901d3a41ba39fb536a557fa166f842b0e09/modules.json "HTTP/1.1 200 OK"
12:42:14 | INFO     | HTTP Request: HEAD https://huggingface.co/BAAI/bge-large-en-v1.5/resolve/main/sentence_bert_config.json "HTTP/1.1 307 Temporary Redirect"
12:42:14 | INFO     | HTTP Request: HEAD https://huggingface.co/api/resolve-cache/models/BAAI/bge-large-en-v1.5/d4aa6901d3a41ba39fb536a557fa166f842b0e09/sentence_bert_config.json "HTTP/1.1 200 OK"
12:42:14 | INFO     | HTTP Request: HEAD https://huggingface.co/BAAI/bge-large-en-v1.5/resolve/main/adapter_config.json "HTTP/1.1 404 Not Found"
12:42:15 | INFO     | HTTP Request: HEAD https://huggingface.co/BAAI/bge-large-en-v1.5/resolve/main/config.json "HTTP/1.1 307 Temporary Redirect"
12:42:15 | INFO     | HTTP Request: HEAD https://huggingface.co/api/resolve-cache/models/BAAI/bge-large-en-v1.5/d4aa6901d3a41ba39fb536a557fa166f842b0e09/config.json "HTTP/1.1 200 OK"
12:42:15 | INFO     | HTTP Request: HEAD https://huggingface.co/BAAI/bge-large-en-v1.5/resolve/main/config.json "HTTP/1.1 307 Temporary Redirect"
12:42:15 | INFO     | HTTP Request: HEAD https://huggingface.co/api/resolve-cache/models/BAAI/bge-large-en-v1.5/d4aa6901d3a41ba39fb536a557fa166f842b0e09/config.json "HTTP/1.1 200 OK"
12:42:15 | INFO     | HTTP Request: HEAD https://huggingface.co/BAAI/bge-large-en-v1.5/resolve/main/tokenizer_config.json "HTTP/1.1 307 Temporary Redirect"
12:42:15 | INFO     | HTTP Request: HEAD https://huggingface.co/api/resolve-cache/models/BAAI/bge-large-en-v1.5/d4aa6901d3a41ba39fb536a557fa166f842b0e09/tokenizer_config.json "HTTP/1.1 200 OK"
12:42:16 | INFO     | HTTP Request: GET https://huggingface.co/api/models/BAAI/bge-large-en-v1.5/tree/main/additional_chat_templates?recursive=false&expand=false "HTTP/1.1 404 Not Found"
12:42:16 | INFO     | HTTP Request: GET https://huggingface.co/api/models/BAAI/bge-large-en-v1.5/tree/main?recursive=true&expand=false "HTTP/1.1 200 OK"
12:42:16 | INFO     | HTTP Request: HEAD https://huggingface.co/BAAI/bge-large-en-v1.5/resolve/main/1_Pooling/config.json "HTTP/1.1 307 Temporary Redirect"
12:42:16 | INFO     | HTTP Request: HEAD https://huggingface.co/api/resolve-cache/models/BAAI/bge-large-en-v1.5/d4aa6901d3a41ba39fb536a557fa166f842b0e09/1_Pooling%2Fconfig.json "HTTP/1.1 200 OK"
12:42:17 | INFO     | HTTP Request: GET https://huggingface.co/api/models/BAAI/bge-large-en-v1.5 "HTTP/1.1 200 OK"
12:44:15 | INFO     |   ✓ 400/788 stored
12:44:15 | INFO     | Batch 5/8: 100 chunks...
12:44:15 | INFO     | Use pytorch device_name: cpu
12:44:15 | INFO     | Load pretrained SentenceTransformer: BAAI/bge-large-en-v1.5
12:44:15 | INFO     | HTTP Request: HEAD https://huggingface.co/BAAI/bge-large-en-v1.5/resolve/main/modules.json "HTTP/1.1 307 Temporary Redirect"
12:44:15 | INFO     | HTTP Request: HEAD https://huggingface.co/api/resolve-cache/models/BAAI/bge-large-en-v1.5/d4aa6901d3a41ba39fb536a557fa166f842b0e09/modules.json "HTTP/1.1 200 OK"
12:44:15 | INFO     | HTTP Request: HEAD https://huggingface.co/BAAI/bge-large-en-v1.5/resolve/main/config_sentence_transformers.json "HTTP/1.1 307 Temporary Redirect"
12:44:15 | INFO     | HTTP Request: HEAD https://huggingface.co/api/resolve-cache/models/BAAI/bge-large-en-v1.5/d4aa6901d3a41ba39fb536a557fa166f842b0e09/config_sentence_transformers.json "HTTP/1.1 200 OK"
12:44:16 | INFO     | HTTP Request: HEAD https://huggingface.co/BAAI/bge-large-en-v1.5/resolve/main/config_sentence_transformers.json "HTTP/1.1 307 Temporary Redirect"
12:44:16 | INFO     | HTTP Request: HEAD https://huggingface.co/api/resolve-cache/models/BAAI/bge-large-en-v1.5/d4aa6901d3a41ba39fb536a557fa166f842b0e09/config_sentence_transformers.json "HTTP/1.1 200 OK"
12:44:16 | INFO     | HTTP Request: HEAD https://huggingface.co/BAAI/bge-large-en-v1.5/resolve/main/README.md "HTTP/1.1 307 Temporary Redirect"
12:44:16 | INFO     | HTTP Request: HEAD https://huggingface.co/api/resolve-cache/models/BAAI/bge-large-en-v1.5/d4aa6901d3a41ba39fb536a557fa166f842b0e09/README.md "HTTP/1.1 200 OK"
12:44:17 | INFO     | HTTP Request: HEAD https://huggingface.co/BAAI/bge-large-en-v1.5/resolve/main/modules.json "HTTP/1.1 307 Temporary Redirect"
12:44:17 | INFO     | HTTP Request: HEAD https://huggingface.co/api/resolve-cache/models/BAAI/bge-large-en-v1.5/d4aa6901d3a41ba39fb536a557fa166f842b0e09/modules.json "HTTP/1.1 200 OK"
12:44:17 | INFO     | HTTP Request: HEAD https://huggingface.co/BAAI/bge-large-en-v1.5/resolve/main/sentence_bert_config.json "HTTP/1.1 307 Temporary Redirect"
12:44:17 | INFO     | HTTP Request: HEAD https://huggingface.co/api/resolve-cache/models/BAAI/bge-large-en-v1.5/d4aa6901d3a41ba39fb536a557fa166f842b0e09/sentence_bert_config.json "HTTP/1.1 200 OK"
12:44:17 | INFO     | HTTP Request: HEAD https://huggingface.co/BAAI/bge-large-en-v1.5/resolve/main/adapter_config.json "HTTP/1.1 404 Not Found"
12:44:17 | INFO     | HTTP Request: HEAD https://huggingface.co/BAAI/bge-large-en-v1.5/resolve/main/config.json "HTTP/1.1 307 Temporary Redirect"
12:44:17 | INFO     | HTTP Request: HEAD https://huggingface.co/api/resolve-cache/models/BAAI/bge-large-en-v1.5/d4aa6901d3a41ba39fb536a557fa166f842b0e09/config.json "HTTP/1.1 200 OK"
12:44:18 | INFO     | HTTP Request: HEAD https://huggingface.co/BAAI/bge-large-en-v1.5/resolve/main/config.json "HTTP/1.1 307 Temporary Redirect"
12:44:18 | INFO     | HTTP Request: HEAD https://huggingface.co/api/resolve-cache/models/BAAI/bge-large-en-v1.5/d4aa6901d3a41ba39fb536a557fa166f842b0e09/config.json "HTTP/1.1 200 OK"
12:44:18 | INFO     | HTTP Request: HEAD https://huggingface.co/BAAI/bge-large-en-v1.5/resolve/main/tokenizer_config.json "HTTP/1.1 307 Temporary Redirect"
12:44:18 | INFO     | HTTP Request: HEAD https://huggingface.co/api/resolve-cache/models/BAAI/bge-large-en-v1.5/d4aa6901d3a41ba39fb536a557fa166f842b0e09/tokenizer_config.json "HTTP/1.1 200 OK"
12:44:19 | INFO     | HTTP Request: GET https://huggingface.co/api/models/BAAI/bge-large-en-v1.5/tree/main/additional_chat_templates?recursive=false&expand=false "HTTP/1.1 404 Not Found"
12:44:19 | INFO     | HTTP Request: GET https://huggingface.co/api/models/BAAI/bge-large-en-v1.5/tree/main?recursive=true&expand=false "HTTP/1.1 200 OK"
12:44:19 | INFO     | HTTP Request: HEAD https://huggingface.co/BAAI/bge-large-en-v1.5/resolve/main/1_Pooling/config.json "HTTP/1.1 307 Temporary Redirect"
12:44:19 | INFO     | HTTP Request: HEAD https://huggingface.co/api/resolve-cache/models/BAAI/bge-large-en-v1.5/d4aa6901d3a41ba39fb536a557fa166f842b0e09/1_Pooling%2Fconfig.json "HTTP/1.1 200 OK"
12:44:20 | INFO     | HTTP Request: GET https://huggingface.co/api/models/BAAI/bge-large-en-v1.5 "HTTP/1.1 200 OK"
12:46:14 | INFO     |   ✓ 500/788 stored
12:46:14 | INFO     | Batch 6/8: 100 chunks...
12:46:14 | INFO     | Use pytorch device_name: cpu
12:46:14 | INFO     | Load pretrained SentenceTransformer: BAAI/bge-large-en-v1.5
12:46:14 | INFO     | HTTP Request: HEAD https://huggingface.co/BAAI/bge-large-en-v1.5/resolve/main/modules.json "HTTP/1.1 307 Temporary Redirect"
12:46:14 | INFO     | HTTP Request: HEAD https://huggingface.co/api/resolve-cache/models/BAAI/bge-large-en-v1.5/d4aa6901d3a41ba39fb536a557fa166f842b0e09/modules.json "HTTP/1.1 200 OK"
12:46:14 | INFO     | HTTP Request: HEAD https://huggingface.co/BAAI/bge-large-en-v1.5/resolve/main/config_sentence_transformers.json "HTTP/1.1 307 Temporary Redirect"
12:46:14 | INFO     | HTTP Request: HEAD https://huggingface.co/api/resolve-cache/models/BAAI/bge-large-en-v1.5/d4aa6901d3a41ba39fb536a557fa166f842b0e09/config_sentence_transformers.json "HTTP/1.1 200 OK"
12:46:15 | INFO     | HTTP Request: HEAD https://huggingface.co/BAAI/bge-large-en-v1.5/resolve/main/config_sentence_transformers.json "HTTP/1.1 307 Temporary Redirect"
12:46:15 | INFO     | HTTP Request: HEAD https://huggingface.co/api/resolve-cache/models/BAAI/bge-large-en-v1.5/d4aa6901d3a41ba39fb536a557fa166f842b0e09/config_sentence_transformers.json "HTTP/1.1 200 OK"
12:46:15 | INFO     | HTTP Request: HEAD https://huggingface.co/BAAI/bge-large-en-v1.5/resolve/main/README.md "HTTP/1.1 307 Temporary Redirect"
12:46:15 | INFO     | HTTP Request: HEAD https://huggingface.co/api/resolve-cache/models/BAAI/bge-large-en-v1.5/d4aa6901d3a41ba39fb536a557fa166f842b0e09/README.md "HTTP/1.1 200 OK"
12:46:15 | INFO     | HTTP Request: HEAD https://huggingface.co/BAAI/bge-large-en-v1.5/resolve/main/modules.json "HTTP/1.1 307 Temporary Redirect"
12:46:15 | INFO     | HTTP Request: HEAD https://huggingface.co/api/resolve-cache/models/BAAI/bge-large-en-v1.5/d4aa6901d3a41ba39fb536a557fa166f842b0e09/modules.json "HTTP/1.1 200 OK"
12:46:15 | INFO     | HTTP Request: HEAD https://huggingface.co/BAAI/bge-large-en-v1.5/resolve/main/sentence_bert_config.json "HTTP/1.1 307 Temporary Redirect"
12:46:16 | INFO     | HTTP Request: HEAD https://huggingface.co/api/resolve-cache/models/BAAI/bge-large-en-v1.5/d4aa6901d3a41ba39fb536a557fa166f842b0e09/sentence_bert_config.json "HTTP/1.1 200 OK"
12:46:16 | INFO     | HTTP Request: HEAD https://huggingface.co/BAAI/bge-large-en-v1.5/resolve/main/adapter_config.json "HTTP/1.1 404 Not Found"
12:46:16 | INFO     | HTTP Request: HEAD https://huggingface.co/BAAI/bge-large-en-v1.5/resolve/main/config.json "HTTP/1.1 307 Temporary Redirect"
12:46:16 | INFO     | HTTP Request: HEAD https://huggingface.co/api/resolve-cache/models/BAAI/bge-large-en-v1.5/d4aa6901d3a41ba39fb536a557fa166f842b0e09/config.json "HTTP/1.1 200 OK"
12:46:17 | INFO     | HTTP Request: HEAD https://huggingface.co/BAAI/bge-large-en-v1.5/resolve/main/config.json "HTTP/1.1 307 Temporary Redirect"
12:46:17 | INFO     | HTTP Request: HEAD https://huggingface.co/api/resolve-cache/models/BAAI/bge-large-en-v1.5/d4aa6901d3a41ba39fb536a557fa166f842b0e09/config.json "HTTP/1.1 200 OK"
12:46:17 | INFO     | HTTP Request: HEAD https://huggingface.co/BAAI/bge-large-en-v1.5/resolve/main/tokenizer_config.json "HTTP/1.1 307 Temporary Redirect"
12:46:17 | INFO     | HTTP Request: HEAD https://huggingface.co/api/resolve-cache/models/BAAI/bge-large-en-v1.5/d4aa6901d3a41ba39fb536a557fa166f842b0e09/tokenizer_config.json "HTTP/1.1 200 OK"
12:46:17 | INFO     | HTTP Request: GET https://huggingface.co/api/models/BAAI/bge-large-en-v1.5/tree/main/additional_chat_templates?recursive=false&expand=false "HTTP/1.1 404 Not Found"
12:46:18 | INFO     | HTTP Request: GET https://huggingface.co/api/models/BAAI/bge-large-en-v1.5/tree/main?recursive=true&expand=false "HTTP/1.1 200 OK"
12:46:18 | INFO     | HTTP Request: HEAD https://huggingface.co/BAAI/bge-large-en-v1.5/resolve/main/1_Pooling/config.json "HTTP/1.1 307 Temporary Redirect"
12:46:18 | INFO     | HTTP Request: HEAD https://huggingface.co/api/resolve-cache/models/BAAI/bge-large-en-v1.5/d4aa6901d3a41ba39fb536a557fa166f842b0e09/1_Pooling%2Fconfig.json "HTTP/1.1 200 OK"
12:46:18 | INFO     | HTTP Request: GET https://huggingface.co/api/models/BAAI/bge-large-en-v1.5 "HTTP/1.1 200 OK"
12:47:53 | INFO     |   ✓ 600/788 stored
12:47:53 | INFO     | Batch 7/8: 100 chunks...
12:47:53 | INFO     | Use pytorch device_name: cpu
12:47:53 | INFO     | Load pretrained SentenceTransformer: BAAI/bge-large-en-v1.5
12:47:53 | INFO     | HTTP Request: HEAD https://huggingface.co/BAAI/bge-large-en-v1.5/resolve/main/modules.json "HTTP/1.1 307 Temporary Redirect"
12:47:53 | INFO     | HTTP Request: HEAD https://huggingface.co/api/resolve-cache/models/BAAI/bge-large-en-v1.5/d4aa6901d3a41ba39fb536a557fa166f842b0e09/modules.json "HTTP/1.1 200 OK"
12:47:54 | INFO     | HTTP Request: HEAD https://huggingface.co/BAAI/bge-large-en-v1.5/resolve/main/config_sentence_transformers.json "HTTP/1.1 307 Temporary Redirect"
12:47:54 | INFO     | HTTP Request: HEAD https://huggingface.co/api/resolve-cache/models/BAAI/bge-large-en-v1.5/d4aa6901d3a41ba39fb536a557fa166f842b0e09/config_sentence_transformers.json "HTTP/1.1 200 OK"
12:47:54 | INFO     | HTTP Request: HEAD https://huggingface.co/BAAI/bge-large-en-v1.5/resolve/main/config_sentence_transformers.json "HTTP/1.1 307 Temporary Redirect"
12:47:54 | INFO     | HTTP Request: HEAD https://huggingface.co/api/resolve-cache/models/BAAI/bge-large-en-v1.5/d4aa6901d3a41ba39fb536a557fa166f842b0e09/config_sentence_transformers.json "HTTP/1.1 200 OK"
12:47:54 | INFO     | HTTP Request: HEAD https://huggingface.co/BAAI/bge-large-en-v1.5/resolve/main/README.md "HTTP/1.1 307 Temporary Redirect"
12:47:54 | INFO     | HTTP Request: HEAD https://huggingface.co/api/resolve-cache/models/BAAI/bge-large-en-v1.5/d4aa6901d3a41ba39fb536a557fa166f842b0e09/README.md "HTTP/1.1 200 OK"
12:47:55 | INFO     | HTTP Request: HEAD https://huggingface.co/BAAI/bge-large-en-v1.5/resolve/main/modules.json "HTTP/1.1 307 Temporary Redirect"
12:47:55 | INFO     | HTTP Request: HEAD https://huggingface.co/api/resolve-cache/models/BAAI/bge-large-en-v1.5/d4aa6901d3a41ba39fb536a557fa166f842b0e09/modules.json "HTTP/1.1 200 OK"
12:47:55 | INFO     | HTTP Request: HEAD https://huggingface.co/BAAI/bge-large-en-v1.5/resolve/main/sentence_bert_config.json "HTTP/1.1 307 Temporary Redirect"
12:47:55 | INFO     | HTTP Request: HEAD https://huggingface.co/api/resolve-cache/models/BAAI/bge-large-en-v1.5/d4aa6901d3a41ba39fb536a557fa166f842b0e09/sentence_bert_config.json "HTTP/1.1 200 OK"
12:47:55 | INFO     | HTTP Request: HEAD https://huggingface.co/BAAI/bge-large-en-v1.5/resolve/main/adapter_config.json "HTTP/1.1 404 Not Found"
12:47:56 | INFO     | HTTP Request: HEAD https://huggingface.co/BAAI/bge-large-en-v1.5/resolve/main/config.json "HTTP/1.1 307 Temporary Redirect"
12:47:56 | INFO     | HTTP Request: HEAD https://huggingface.co/api/resolve-cache/models/BAAI/bge-large-en-v1.5/d4aa6901d3a41ba39fb536a557fa166f842b0e09/config.json "HTTP/1.1 200 OK"
12:47:56 | INFO     | HTTP Request: HEAD https://huggingface.co/BAAI/bge-large-en-v1.5/resolve/main/config.json "HTTP/1.1 307 Temporary Redirect"
12:47:56 | INFO     | HTTP Request: HEAD https://huggingface.co/api/resolve-cache/models/BAAI/bge-large-en-v1.5/d4aa6901d3a41ba39fb536a557fa166f842b0e09/config.json "HTTP/1.1 200 OK"
12:47:56 | INFO     | HTTP Request: HEAD https://huggingface.co/BAAI/bge-large-en-v1.5/resolve/main/tokenizer_config.json "HTTP/1.1 307 Temporary Redirect"
12:47:56 | INFO     | HTTP Request: HEAD https://huggingface.co/api/resolve-cache/models/BAAI/bge-large-en-v1.5/d4aa6901d3a41ba39fb536a557fa166f842b0e09/tokenizer_config.json "HTTP/1.1 200 OK"
12:47:57 | INFO     | HTTP Request: GET https://huggingface.co/api/models/BAAI/bge-large-en-v1.5/tree/main/additional_chat_templates?recursive=false&expand=false "HTTP/1.1 404 Not Found"
12:47:57 | INFO     | HTTP Request: GET https://huggingface.co/api/models/BAAI/bge-large-en-v1.5/tree/main?recursive=true&expand=false "HTTP/1.1 200 OK"
12:47:57 | INFO     | HTTP Request: HEAD https://huggingface.co/BAAI/bge-large-en-v1.5/resolve/main/1_Pooling/config.json "HTTP/1.1 307 Temporary Redirect"
12:47:57 | INFO     | HTTP Request: HEAD https://huggingface.co/api/resolve-cache/models/BAAI/bge-large-en-v1.5/d4aa6901d3a41ba39fb536a557fa166f842b0e09/1_Pooling%2Fconfig.json "HTTP/1.1 200 OK"
12:47:58 | INFO     | HTTP Request: GET https://huggingface.co/api/models/BAAI/bge-large-en-v1.5 "HTTP/1.1 200 OK"
12:49:36 | INFO     |   ✓ 700/788 stored
12:49:36 | INFO     | Batch 8/8: 88 chunks...
12:49:36 | INFO     | Use pytorch device_name: cpu
12:49:36 | INFO     | Load pretrained SentenceTransformer: BAAI/bge-large-en-v1.5
12:49:36 | INFO     | HTTP Request: HEAD https://huggingface.co/BAAI/bge-large-en-v1.5/resolve/main/modules.json "HTTP/1.1 307 Temporary Redirect"
12:49:36 | INFO     | HTTP Request: HEAD https://huggingface.co/api/resolve-cache/models/BAAI/bge-large-en-v1.5/d4aa6901d3a41ba39fb536a557fa166f842b0e09/modules.json "HTTP/1.1 200 OK"
12:49:36 | INFO     | HTTP Request: HEAD https://huggingface.co/BAAI/bge-large-en-v1.5/resolve/main/config_sentence_transformers.json "HTTP/1.1 307 Temporary Redirect"
12:49:36 | INFO     | HTTP Request: HEAD https://huggingface.co/api/resolve-cache/models/BAAI/bge-large-en-v1.5/d4aa6901d3a41ba39fb536a557fa166f842b0e09/config_sentence_transformers.json "HTTP/1.1 200 OK"
12:49:37 | INFO     | HTTP Request: HEAD https://huggingface.co/BAAI/bge-large-en-v1.5/resolve/main/config_sentence_transformers.json "HTTP/1.1 307 Temporary Redirect"
12:49:37 | INFO     | HTTP Request: HEAD https://huggingface.co/api/resolve-cache/models/BAAI/bge-large-en-v1.5/d4aa6901d3a41ba39fb536a557fa166f842b0e09/config_sentence_transformers.json "HTTP/1.1 200 OK"
12:49:37 | INFO     | HTTP Request: HEAD https://huggingface.co/BAAI/bge-large-en-v1.5/resolve/main/README.md "HTTP/1.1 307 Temporary Redirect"
12:49:37 | INFO     | HTTP Request: HEAD https://huggingface.co/api/resolve-cache/models/BAAI/bge-large-en-v1.5/d4aa6901d3a41ba39fb536a557fa166f842b0e09/README.md "HTTP/1.1 200 OK"
12:49:37 | INFO     | HTTP Request: HEAD https://huggingface.co/BAAI/bge-large-en-v1.5/resolve/main/modules.json "HTTP/1.1 307 Temporary Redirect"
12:49:37 | INFO     | HTTP Request: HEAD https://huggingface.co/api/resolve-cache/models/BAAI/bge-large-en-v1.5/d4aa6901d3a41ba39fb536a557fa166f842b0e09/modules.json "HTTP/1.1 200 OK"
12:49:38 | INFO     | HTTP Request: HEAD https://huggingface.co/BAAI/bge-large-en-v1.5/resolve/main/sentence_bert_config.json "HTTP/1.1 307 Temporary Redirect"
12:49:38 | INFO     | HTTP Request: HEAD https://huggingface.co/api/resolve-cache/models/BAAI/bge-large-en-v1.5/d4aa6901d3a41ba39fb536a557fa166f842b0e09/sentence_bert_config.json "HTTP/1.1 200 OK"
12:49:38 | INFO     | HTTP Request: HEAD https://huggingface.co/BAAI/bge-large-en-v1.5/resolve/main/adapter_config.json "HTTP/1.1 404 Not Found"
12:49:38 | INFO     | HTTP Request: HEAD https://huggingface.co/BAAI/bge-large-en-v1.5/resolve/main/config.json "HTTP/1.1 307 Temporary Redirect"
12:49:38 | INFO     | HTTP Request: HEAD https://huggingface.co/api/resolve-cache/models/BAAI/bge-large-en-v1.5/d4aa6901d3a41ba39fb536a557fa166f842b0e09/config.json "HTTP/1.1 200 OK"
12:49:39 | INFO     | HTTP Request: HEAD https://huggingface.co/BAAI/bge-large-en-v1.5/resolve/main/config.json "HTTP/1.1 307 Temporary Redirect"
12:49:39 | INFO     | HTTP Request: HEAD https://huggingface.co/api/resolve-cache/models/BAAI/bge-large-en-v1.5/d4aa6901d3a41ba39fb536a557fa166f842b0e09/config.json "HTTP/1.1 200 OK"
12:49:39 | INFO     | HTTP Request: HEAD https://huggingface.co/BAAI/bge-large-en-v1.5/resolve/main/tokenizer_config.json "HTTP/1.1 307 Temporary Redirect"
12:49:39 | INFO     | HTTP Request: HEAD https://huggingface.co/api/resolve-cache/models/BAAI/bge-large-en-v1.5/d4aa6901d3a41ba39fb536a557fa166f842b0e09/tokenizer_config.json "HTTP/1.1 200 OK"
12:49:39 | INFO     | HTTP Request: GET https://huggingface.co/api/models/BAAI/bge-large-en-v1.5/tree/main/additional_chat_templates?recursive=false&expand=false "HTTP/1.1 404 Not Found"
12:49:40 | INFO     | HTTP Request: GET https://huggingface.co/api/models/BAAI/bge-large-en-v1.5/tree/main?recursive=true&expand=false "HTTP/1.1 200 OK"
12:49:40 | INFO     | HTTP Request: HEAD https://huggingface.co/BAAI/bge-large-en-v1.5/resolve/main/1_Pooling/config.json "HTTP/1.1 307 Temporary Redirect"
12:49:40 | INFO     | HTTP Request: HEAD https://huggingface.co/api/resolve-cache/models/BAAI/bge-large-en-v1.5/d4aa6901d3a41ba39fb536a557fa166f842b0e09/1_Pooling%2Fconfig.json "HTTP/1.1 200 OK"
12:49:40 | INFO     | HTTP Request: GET https://huggingface.co/api/models/BAAI/bge-large-en-v1.5 "HTTP/1.1 200 OK"
12:51:18 | INFO     |   ✓ 788/788 stored
12:51:18 | INFO     | 
12:51:18 | INFO     | =======================================================
12:51:18 | INFO     | EMBEDDING COMPLETE
12:51:18 | INFO     |   Embedded   : 788
12:51:18 | INFO     |   Total in DB: 788
12:51:18 | INFO     |   DB path    : data/chromadb
12:51:18 | INFO     | =======================================================
12:51:18 | INFO     | 
Verification query: 'What is the nature of the eternal soul?'
12:51:18 | INFO     | Use pytorch device_name: cpu
12:51:18 | INFO     | Load pretrained SentenceTransformer: BAAI/bge-large-en-v1.5
12:51:18 | INFO     | HTTP Request: HEAD https://huggingface.co/BAAI/bge-large-en-v1.5/resolve/main/modules.json "HTTP/1.1 307 Temporary Redirect"
12:51:18 | INFO     | HTTP Request: HEAD https://huggingface.co/api/resolve-cache/models/BAAI/bge-large-en-v1.5/d4aa6901d3a41ba39fb536a557fa166f842b0e09/modules.json "HTTP/1.1 200 OK"
12:51:18 | INFO     | HTTP Request: HEAD https://huggingface.co/BAAI/bge-large-en-v1.5/resolve/main/config_sentence_transformers.json "HTTP/1.1 307 Temporary Redirect"
12:51:18 | INFO     | HTTP Request: HEAD https://huggingface.co/api/resolve-cache/models/BAAI/bge-large-en-v1.5/d4aa6901d3a41ba39fb536a557fa166f842b0e09/config_sentence_transformers.json "HTTP/1.1 200 OK"
12:51:19 | INFO     | HTTP Request: HEAD https://huggingface.co/BAAI/bge-large-en-v1.5/resolve/main/config_sentence_transformers.json "HTTP/1.1 307 Temporary Redirect"
12:51:19 | INFO     | HTTP Request: HEAD https://huggingface.co/api/resolve-cache/models/BAAI/bge-large-en-v1.5/d4aa6901d3a41ba39fb536a557fa166f842b0e09/config_sentence_transformers.json "HTTP/1.1 200 OK"
12:51:19 | INFO     | HTTP Request: HEAD https://huggingface.co/BAAI/bge-large-en-v1.5/resolve/main/README.md "HTTP/1.1 307 Temporary Redirect"
12:51:19 | INFO     | HTTP Request: HEAD https://huggingface.co/api/resolve-cache/models/BAAI/bge-large-en-v1.5/d4aa6901d3a41ba39fb536a557fa166f842b0e09/README.md "HTTP/1.1 200 OK"
12:51:19 | INFO     | HTTP Request: HEAD https://huggingface.co/BAAI/bge-large-en-v1.5/resolve/main/modules.json "HTTP/1.1 307 Temporary Redirect"
12:51:19 | INFO     | HTTP Request: HEAD https://huggingface.co/api/resolve-cache/models/BAAI/bge-large-en-v1.5/d4aa6901d3a41ba39fb536a557fa166f842b0e09/modules.json "HTTP/1.1 200 OK"
12:51:20 | INFO     | HTTP Request: HEAD https://huggingface.co/BAAI/bge-large-en-v1.5/resolve/main/sentence_bert_config.json "HTTP/1.1 307 Temporary Redirect"
12:51:20 | INFO     | HTTP Request: HEAD https://huggingface.co/api/resolve-cache/models/BAAI/bge-large-en-v1.5/d4aa6901d3a41ba39fb536a557fa166f842b0e09/sentence_bert_config.json "HTTP/1.1 200 OK"
12:51:20 | INFO     | HTTP Request: HEAD https://huggingface.co/BAAI/bge-large-en-v1.5/resolve/main/adapter_config.json "HTTP/1.1 404 Not Found"
12:51:20 | INFO     | HTTP Request: HEAD https://huggingface.co/BAAI/bge-large-en-v1.5/resolve/main/config.json "HTTP/1.1 307 Temporary Redirect"
12:51:20 | INFO     | HTTP Request: HEAD https://huggingface.co/api/resolve-cache/models/BAAI/bge-large-en-v1.5/d4aa6901d3a41ba39fb536a557fa166f842b0e09/config.json "HTTP/1.1 200 OK"
12:51:21 | INFO     | HTTP Request: HEAD https://huggingface.co/BAAI/bge-large-en-v1.5/resolve/main/config.json "HTTP/1.1 307 Temporary Redirect"
12:51:21 | INFO     | HTTP Request: HEAD https://huggingface.co/api/resolve-cache/models/BAAI/bge-large-en-v1.5/d4aa6901d3a41ba39fb536a557fa166f842b0e09/config.json "HTTP/1.1 200 OK"
12:51:21 | INFO     | HTTP Request: HEAD https://huggingface.co/BAAI/bge-large-en-v1.5/resolve/main/tokenizer_config.json "HTTP/1.1 307 Temporary Redirect"
12:51:21 | INFO     | HTTP Request: HEAD https://huggingface.co/api/resolve-cache/models/BAAI/bge-large-en-v1.5/d4aa6901d3a41ba39fb536a557fa166f842b0e09/tokenizer_config.json "HTTP/1.1 200 OK"
12:51:22 | INFO     | HTTP Request: GET https://huggingface.co/api/models/BAAI/bge-large-en-v1.5/tree/main/additional_chat_templates?recursive=false&expand=false "HTTP/1.1 404 Not Found"
12:51:22 | INFO     | HTTP Request: GET https://huggingface.co/api/models/BAAI/bge-large-en-v1.5/tree/main?recursive=true&expand=false "HTTP/1.1 200 OK"
12:51:22 | INFO     | HTTP Request: HEAD https://huggingface.co/BAAI/bge-large-en-v1.5/resolve/main/1_Pooling/config.json "HTTP/1.1 307 Temporary Redirect"
12:51:22 | INFO     | HTTP Request: HEAD https://huggingface.co/api/resolve-cache/models/BAAI/bge-large-en-v1.5/d4aa6901d3a41ba39fb536a557fa166f842b0e09/1_Pooling%2Fconfig.json "HTTP/1.1 200 OK"
12:51:23 | INFO     | HTTP Request: GET https://huggingface.co/api/models/BAAI/bge-large-en-v1.5 "HTTP/1.1 200 OK"
19:21:24 | INFO     | =======================================================
19:21:24 | INFO     | Provider   : BAAI  (BAAI/bge-large-en-v1.5)
19:21:24 | INFO     | Dimensions : 1024
19:21:24 | INFO     | =======================================================
19:21:24 | INFO     | Loaded 788 chunks
19:21:24 | INFO     | Existing collection deleted.
19:21:24 | INFO     | Existing vectors in DB: 0
19:21:24 | INFO     | Chunks to embed: 788  (skipping 0 cached)
19:21:24 | INFO     | 
19:21:24 | INFO     | Batch 1/8: 100 chunks...
19:22:23 | INFO     | Use pytorch device_name: cpu
19:22:23 | INFO     | Load pretrained SentenceTransformer: BAAI/bge-large-en-v1.5
19:24:27 | INFO     |   ✓ 100/788 stored
19:24:27 | INFO     | Batch 2/8: 100 chunks...
19:24:27 | INFO     | Use pytorch device_name: cpu
19:24:27 | INFO     | Load pretrained SentenceTransformer: BAAI/bge-large-en-v1.5
19:26:37 | INFO     |   ✓ 200/788 stored
19:26:37 | INFO     | Batch 3/8: 100 chunks...
19:26:37 | INFO     | Use pytorch device_name: cpu
19:26:37 | INFO     | Load pretrained SentenceTransformer: BAAI/bge-large-en-v1.5
19:28:27 | INFO     |   ✓ 300/788 stored
19:28:27 | INFO     | Batch 4/8: 100 chunks...
19:28:27 | INFO     | Use pytorch device_name: cpu
19:28:27 | INFO     | Load pretrained SentenceTransformer: BAAI/bge-large-en-v1.5
19:30:13 | INFO     |   ✓ 400/788 stored
19:30:13 | INFO     | Batch 5/8: 100 chunks...
19:30:13 | INFO     | Use pytorch device_name: cpu
19:30:13 | INFO     | Load pretrained SentenceTransformer: BAAI/bge-large-en-v1.5
19:31:48 | INFO     |   ✓ 500/788 stored
19:31:48 | INFO     | Batch 6/8: 100 chunks...
19:31:48 | INFO     | Use pytorch device_name: cpu
19:31:48 | INFO     | Load pretrained SentenceTransformer: BAAI/bge-large-en-v1.5
19:33:56 | INFO     |   ✓ 600/788 stored
19:33:56 | INFO     | Batch 7/8: 100 chunks...
19:33:56 | INFO     | Use pytorch device_name: cpu
19:33:56 | INFO     | Load pretrained SentenceTransformer: BAAI/bge-large-en-v1.5
19:36:07 | INFO     |   ✓ 700/788 stored
19:36:07 | INFO     | Batch 8/8: 88 chunks...
19:36:07 | INFO     | Use pytorch device_name: cpu
19:36:07 | INFO     | Load pretrained SentenceTransformer: BAAI/bge-large-en-v1.5
19:38:19 | INFO     |   ✓ 788/788 stored
19:38:19 | INFO     | 
19:38:19 | INFO     | =======================================================
19:38:19 | INFO     | EMBEDDING COMPLETE
19:38:19 | INFO     |   Embedded   : 788
19:38:19 | INFO     |   Total in DB: 788
19:38:19 | INFO     |   DB path    : data/chromadb
19:38:19 | INFO     | =======================================================
19:38:19 | INFO     | 
Verification query: 'What is the nature of the eternal soul?'
19:38:19 | INFO     | Use pytorch device_name: cpu
19:38:19 | INFO     | Load pretrained SentenceTransformer: BAAI/bge-large-en-v1.5
